<?xml version="1.0" encoding="UTF-8"?>
<!-- Generated by org.testng.reporters.JUnitReportReporter -->
<testsuite skipped="0" hostname="Ahmad" name="tests.CompletePurchaseTest" tests="2" failures="0" timestamp="2022-06-03T18:07:20 GST" time="41.277" errors="0">
  <testcase name="b_completePurchaseTest" time="8.571" classname="tests.CompletePurchaseTest"/>
  <system-out/>
  <testcase name="a_addproduct2cart" time="32.706" classname="tests.CompletePurchaseTest"/>
  <system-out/>
</testsuite> <!-- tests.CompletePurchaseTest -->
