<?xml version="1.0" encoding="UTF-8"?>
<!-- Generated by org.testng.reporters.JUnitReportReporter -->
<testsuite skipped="0" hostname="Ahmad" name="tests.UserRegisterTest" tests="1" failures="0" timestamp="2022-06-03T18:07:20 GST" time="9.231" errors="0">
  <testcase name="userRegisterTest" time="9.231" classname="tests.UserRegisterTest"/>
  <system-out/>
</testsuite> <!-- tests.UserRegisterTest -->
