<?xml version="1.0" encoding="UTF-8"?>
<!-- Generated by org.testng.reporters.JUnitReportReporter -->
<testsuite skipped="0" hostname="Ahmad" name="tests.AdminAddNewProductTest" tests="1" failures="0" timestamp="2022-06-03T18:07:20 GST" time="27.576" errors="0">
  <testcase name="AdmindAddNewProductTest" time="27.576" classname="tests.AdminAddNewProductTest"/>
  <system-out/>
</testsuite> <!-- tests.AdminAddNewProductTest -->
