<?xml version="1.0" encoding="UTF-8"?>
<!-- Generated by org.testng.reporters.JUnitReportReporter -->
<testsuite skipped="0" hostname="Ahmad" name="tests.DisableProductTest" tests="1" failures="0" timestamp="2022-06-03T18:07:20 GST" time="22.154" errors="0">
  <testcase name="enableProductTest" time="22.154" classname="tests.DisableProductTest"/>
  <system-out/>
</testsuite> <!-- tests.DisableProductTest -->
