<?xml version="1.0" encoding="UTF-8"?>
<!-- Generated by org.testng.reporters.JUnitReportReporter -->
<testsuite skipped="0" hostname="Ahmad" name="tests.AdminEditProductTest" tests="1" failures="0" timestamp="2022-06-03T18:07:20 GST" time="21.823" errors="0">
  <testcase name="adminEditProductTest" time="21.823" classname="tests.AdminEditProductTest"/>
  <system-out/>
</testsuite> <!-- tests.AdminEditProductTest -->
