<?xml version="1.0" encoding="UTF-8"?>
<!-- Generated by org.testng.reporters.JUnitReportReporter -->
<testsuite skipped="0" hostname="Ahmad" name="tests.EnableProductTest" tests="1" failures="0" timestamp="2022-06-03T18:07:20 GST" time="21.898" errors="0">
  <testcase name="enableProductTest" time="21.898" classname="tests.EnableProductTest"/>
  <system-out/>
</testsuite> <!-- tests.EnableProductTest -->
