<?xml version="1.0" encoding="UTF-8"?>
<!-- Generated by org.testng.reporters.JUnitReportReporter -->
<testsuite skipped="0" hostname="Ahmad" name="tests.InvalidLoginTest" tests="1" failures="0" timestamp="2022-06-03T18:07:20 GST" time="3.039" errors="0">
  <testcase name="invalidLoginTest" time="3.039" classname="tests.InvalidLoginTest"/>
  <system-out/>
</testsuite> <!-- tests.InvalidLoginTest -->
