<?xml version="1.0" encoding="UTF-8"?>
<!-- Generated by org.testng.reporters.JUnitReportReporter -->
<testsuite skipped="0" hostname="Ahmad" name="tests.ValidLoginTest" tests="1" failures="0" timestamp="2022-06-03T18:07:20 GST" time="4.122" errors="0">
  <testcase name="validLoginTest" time="4.122" classname="tests.ValidLoginTest"/>
  <system-out/>
</testsuite> <!-- tests.ValidLoginTest -->
